android/mjpeg-view/build/intermediates/manifest_merge_blame_file/debug/manifest-merger-blame-debug-report.txt
1<?xml version="1.0" encoding="utf-8"?>
2<manifest xmlns:android="http://schemas.android.com/apk/res/android"
3    package="com.github.niqdev.mjpeg" >
4
5    <uses-sdk
6        android:minSdkVersion="16"
6-->src\main\AndroidManifest.xml
7        android:targetSdkVersion="30" />
7-->src\main\AndroidManifest.xml
8
9    <application
9-->src\main\AndroidManifest.xml:5:5-9:19
10        android:label="@string/app_name"
10-->src\main\AndroidManifest.xml:6:9-41
11        android:supportsRtl="true"
11-->src\main\AndroidManifest.xml:8:9-35
12        android:usesCleartextTraffic="true" >
12-->src\main\AndroidManifest.xml:7:9-44
13    </application>
14
15</manifest>